<?xml version="1.0" encoding="UTF-8"?>
<!-- Generated by org.testng.reporters.JUnitReportReporter -->
<testsuite hostname="DESKTOP-L9LVG34" failures="0" tests="1" name="com.INB.tests.TC_Login" time="11.950" errors="0" timestamp="07 Oct 2022 16:27:25 GMT" skipped="0">
  <testcase classname="com.INB.tests.TC_Login" name="Test1" time="11.950"/>
</testsuite> <!-- com.INB.tests.TC_Login -->
