<?xml version="1.0" encoding="UTF-8"?>
<!-- Generated by org.testng.reporters.JUnitReportReporter -->
<testsuite hostname="01CEDHWLAP459" failures="0" tests="5" name="com.INB.tests.TC_DashboardRetailMyAccount" time="81.388" errors="0" timestamp="2022-10-28T13:42:00 IST" skipped="0">
  <testcase classname="com.INB.tests.TC_DashboardRetailMyAccount" name="eServiceClick" time="14.929"/>
  <system-out/>
  <testcase classname="com.INB.tests.TC_DashboardRetailMyAccount" name="requestMH" time="18.257"/>
  <system-out/>
  <testcase classname="com.INB.tests.TC_DashboardRetailMyAccount" name="eServiceMH" time="15.804"/>
  <system-out/>
  <testcase classname="com.INB.tests.TC_DashboardRetailMyAccount" name="myAccountsClick" time="18.090"/>
  <system-out/>
  <testcase classname="com.INB.tests.TC_DashboardRetailMyAccount" name="myAccountsMH" time="14.308"/>
  <system-out/>
</testsuite> <!-- com.INB.tests.TC_DashboardRetailMyAccount -->
