<?xml version="1.0" encoding="UTF-8"?>
<!-- Generated by org.testng.reporters.JUnitReportReporter -->
<testsuite hostname="01CEDHWLAP459" failures="0" tests="3" name="com.INB.tests.TC_DashboardQL" time="41.819" errors="0" timestamp="2022-11-07T12:57:51 IST" skipped="0">
  <testcase classname="com.INB.tests.TC_DashboardQL" name="quickLinksCheck" time="12.682"/>
  <system-out/>
  <testcase classname="com.INB.tests.TC_DashboardQL" name="profileLinksMH" time="13.293"/>
  <system-out/>
  <testcase classname="com.INB.tests.TC_DashboardQL" name="profileLinksClick" time="15.844"/>
  <system-out/>
</testsuite> <!-- com.INB.tests.TC_DashboardQL -->
