<?xml version="1.0" encoding="UTF-8"?>
<!-- Generated by org.testng.reporters.JUnitReportReporter -->
<testsuite hostname="01CEDHWLAP459" failures="0" tests="1" name="com.INB.tests.TC_LoginRetailUser" time="13.404" errors="0" timestamp="2022-10-25T10:21:56 IST" skipped="0">
  <testcase classname="com.INB.tests.TC_LoginRetailUser" name="TC00" time="13.404"/>
  <system-out/>
</testsuite> <!-- com.INB.tests.TC_LoginRetailUser -->
