<?xml version="1.0" encoding="UTF-8"?>
<!-- Generated by org.testng.reporters.JUnitReportReporter -->
<testsuite hostname="01CEDHWLAP459" failures="0" tests="7" name="com.INB.tests.TC_DashboardRetailMyAccount" time="140.663" errors="0" timestamp="2022-10-31T14:55:05 IST" skipped="0">
  <testcase classname="com.INB.tests.TC_DashboardRetailMyAccount" name="requestMH" time="16.846"/>
  <system-out/>
  <testcase classname="com.INB.tests.TC_DashboardRetailMyAccount" name="enquirytClick" time="13.939"/>
  <system-out/>
  <testcase classname="com.INB.tests.TC_DashboardRetailMyAccount" name="requestClick" time="25.275"/>
  <system-out/>
  <testcase classname="com.INB.tests.TC_DashboardRetailMyAccount" name="eServiceClick" time="25.924"/>
  <system-out/>
  <testcase classname="com.INB.tests.TC_DashboardRetailMyAccount" name="eServiceMH" time="11.869"/>
  <system-out/>
  <testcase classname="com.INB.tests.TC_DashboardRetailMyAccount" name="myAccountsClick" time="32.470"/>
  <system-out/>
  <testcase classname="com.INB.tests.TC_DashboardRetailMyAccount" name="myAccountsMH" time="14.340"/>
  <system-out/>
</testsuite> <!-- com.INB.tests.TC_DashboardRetailMyAccount -->
