<?xml version="1.0" encoding="UTF-8"?>
<!-- Generated by org.testng.reporters.JUnitReportReporter -->
<testsuite hostname="01CEDHWLAP459" failures="0" tests="1" name="com.INB.tests.TC_Login" time="6.921" errors="0" timestamp="2022-10-10T12:06:37 IST" skipped="0">
  <testcase classname="com.INB.tests.TC_Login" name="Test1" time="6.921"/>
  <system-out/>
</testsuite> <!-- com.INB.tests.TC_Login -->
