<?xml version="1.0" encoding="UTF-8"?>
<!-- Generated by org.testng.reporters.JUnitReportReporter -->
<testsuite hostname="01CEDHWLAP459" failures="0" tests="1" name="com.INB.tests.TC_DashboardQL" time="19.447" errors="0" timestamp="2022-11-01T15:30:43 IST" skipped="0">
  <testcase classname="com.INB.tests.TC_DashboardQL" name="profileLinksMH" time="19.447"/>
  <system-out/>
</testsuite> <!-- com.INB.tests.TC_DashboardQL -->
