<?xml version="1.0" encoding="UTF-8"?>
<!-- Generated by org.testng.reporters.JUnitReportReporter -->
<testsuite hostname="01CEDHWLAP459" failures="0" tests="1" name="com.INB.tests.TC_DashboardRetailMyAccount" time="23.251" errors="0" timestamp="2022-10-28T17:12:10 IST" skipped="0">
  <testcase classname="com.INB.tests.TC_DashboardRetailMyAccount" name="requestClick" time="23.251"/>
  <system-out/>
</testsuite> <!-- com.INB.tests.TC_DashboardRetailMyAccount -->
