<?xml version="1.0" encoding="UTF-8"?>
<!-- Generated by org.testng.reporters.JUnitReportReporter -->
<testsuite hostname="01CEDHWLAP459" failures="0" tests="1" name="com.INB.tests.TC_HomePage" time="10.548" errors="0" timestamp="2022-10-10T12:06:37 IST" skipped="0">
  <testcase classname="com.INB.tests.TC_HomePage" name="Test3" time="10.548"/>
  <system-out/>
</testsuite> <!-- com.INB.tests.TC_HomePage -->
