<?xml version="1.0" encoding="UTF-8"?>
<!-- Generated by org.testng.reporters.JUnitReportReporter -->
<testsuite hostname="01CEDHWLAP459" failures="0" tests="2" name="com.INB.tests.TC_LoginRetailUser" time="20.464" errors="0" timestamp="2022-10-18T11:19:17 IST" skipped="0">
  <testcase classname="com.INB.tests.TC_LoginRetailUser" name="newTest" time="9.376"/>
  <system-out/>
  <testcase classname="com.INB.tests.TC_LoginRetailUser" name="LoginLogoutTest" time="11.088"/>
  <system-out/>
</testsuite> <!-- com.INB.tests.TC_LoginRetailUser -->
