<?xml version="1.0" encoding="UTF-8"?>
<!-- Generated by org.testng.reporters.JUnitReportReporter -->
<testsuite hostname="01CEDHWLAP459" failures="0" tests="2" name="com.INB.tests.TC_LoginRetailUser" time="30.648" errors="0" timestamp="2022-11-09T15:16:42 IST" skipped="0">
  <testcase classname="com.INB.tests.TC_LoginRetailUser" name="TC00" time="17.526"/>
  <system-out/>
  <testcase classname="com.INB.tests.TC_LoginRetailUser" name="newTest" time="13.122"/>
  <system-out/>
</testsuite> <!-- com.INB.tests.TC_LoginRetailUser -->
