<?xml version="1.0" encoding="UTF-8"?>
<!-- Generated by org.testng.reporters.JUnitReportReporter -->
<testsuite hostname="01CEDHWLAP459" failures="0" tests="6" name="com.INB.tests.TC_DashboardRetailMyAccount" time="98.886" errors="0" timestamp="2022-11-04T10:49:36 IST" skipped="0">
  <testcase classname="com.INB.tests.TC_DashboardRetailMyAccount" name="myAccountsMH" time="14.874"/>
  <system-out/>
  <testcase classname="com.INB.tests.TC_DashboardRetailMyAccount" name="myAccountsClick" time="19.131"/>
  <system-out/>
  <testcase classname="com.INB.tests.TC_DashboardRetailMyAccount" name="eServiceMH" time="12.308"/>
  <system-out/>
  <testcase classname="com.INB.tests.TC_DashboardRetailMyAccount" name="eServiceClick" time="13.338"/>
  <system-out/>
  <testcase classname="com.INB.tests.TC_DashboardRetailMyAccount" name="requestMH" time="16.226"/>
  <system-out/>
  <testcase classname="com.INB.tests.TC_DashboardRetailMyAccount" name="requestClick" time="23.009"/>
  <system-out/>
</testsuite> <!-- com.INB.tests.TC_DashboardRetailMyAccount -->
